<?xml version='1.0' encoding='UTF-8'?>
<dataset>
  <users user_id="1" version="1"   first_name="anthony" last_name="waters"  password="" email="watera2@cs.rpi.edu"/>
</dataset>