<?xml version='1.0' encoding='UTF-8'?>
<dataset>
  <roles role_id="1" rank="0" role_name="Member"/>
  <roles role_id="2" rank="1" role_name="Contributor"/>
  <roles role_id="3" rank="2" role_name="Fellow"/>
  <users user_id="1" version="1" name="Contributor" email="watera2@cs.rpi.edu" password="" address="" city="" province="" country="" postal_code="" institution="" reference_email="" confirmation_code="                                " enabled="Y" role_id="2"/>
  <users user_id="2" version="1" name="Sibel Adali" email="sibel@cs.rpi.edu" password="" address="" city="" province="" country="" postal_code="" institution="" reference_email="" confirmation_code="                                " enabled="Y" role_id="1"/>
  <users user_id="3" version="1" name="Boleslaw Szymanski" email="szymansk@cs.rpi.edu" password="" address="" city="" province="" country="" postal_code="" institution="" reference_email="" confirmation_code="                                " enabled="Y" role_id="1"/>
  <users user_id="4" version="1" name="Frank Spear" email="spearf@rpi.edu" password="" address="" city="" province="" country="" postal_code="" institution="" reference_email="" confirmation_code="                                " enabled="Y" role_id="1"/>
  <users user_id="5" version="1" name="Benjamin Hallett" email="halleb3@rpi.edu" password="" address="" city="" province="" country="" postal_code="" institution="" reference_email="" confirmation_code="                                " enabled="Y" role_id="1"/>
  <users user_id="6" version="1" name="Matt Fyffe" email="fyffem@rpi.edu" password="" address="" city="" province="" country="" postal_code="" institution="" reference_email="" confirmation_code="                                " enabled="Y" role_id="1"/>
  <users user_id="7" version="1" name="Dennis Goldfarb" email="goldfd@rpi.edu" password="" address="" city="" province="" country="" postal_code="" institution="" reference_email="" confirmation_code="                                " enabled="Y" role_id="2"/>
  <users user_id="8" version="1" name="Zak Linder" email="lindez@rpi.edu" password="" address="" city="" province="" country="" postal_code="" institution="" reference_email="" confirmation_code="                                " enabled="N" role_id="2"/>
  <users user_id="9" version="1" name="Fellow" email="lol@rofl.com" password="" address="" city="" province="" country="" postal_code="" institution="" reference_email="" confirmation_code="                                " enabled="N" role_id="3"/>
  <admin_users/>
  <rock_type rock_type_id="1" rock_type="Slate"/>
  <rock_type rock_type_id="2" rock_type="Phyllite"/>
  <samples sample_id="1" version="1" public_data="N" collection_date="1969-12-31 19:00:00.0" date_precision="365" rock_type_id="1" user_id="1" collector="Frank Spear" location="SRID=4326;POINT(1 1)" number="testing sample"/>
  <samples sample_id="2" version="1" public_data="N" collection_date="1969-12-31 19:00:00.0" date_precision="365" rock_type_id="1" user_id="2" collector="Anthony Waters" location="SRID=4326;POINT(3 3)" number="testing private"/>
  <samples sample_id="3" version="1" public_data="N" collection_date="1969-12-31 19:00:00.0" date_precision="365" rock_type_id="1" user_id="1" collector="Two Name" location="SRID=4326;POINT(5 5)" number="new sample"/>
  <samples sample_id="4" version="1" public_data="N" collection_date="1969-12-31 19:00:00.0" date_precision="365" rock_type_id="1" user_id="1" collector="Test A" location="SRID=4326;POINT(5 5)" number="sample"/>
  <samples sample_id="5" version="1" public_data="N" collection_date="1970-09-16 00:00:00.0" date_precision="0" rock_type_id="1" user_id="1" location="SRID=4326;POINT(1 1)" number="test more"/>
  <samples sample_id="6" version="1" public_data="Y" collection_date="1969-12-31 19:00:00.0" date_precision="365" rock_type_id="2" user_id="1" collector="Anthony Waters" location="SRID=4326;POINT(3 3)" number="testing public"/>
  <samples sample_id="7" version="1" public_data="Y" collection_date="1969-12-31 19:00:00.0" date_precision="365" rock_type_id="2" user_id="2" collector="Anthony Waters" location="SRID=4326;POINT(3 3)" number="testing public"/>
  <subsample_type subsample_type_id="1" subsample_type="Thin Section"/>
  <subsample_type subsample_type_id="2" subsample_type="Polished Thin Section"/>
  <subsamples subsample_id="1" version="1" public_data="N" sample_id="1" user_id="1" name="temp1" subsample_type_id="1"/>
  <subsamples subsample_id="2" version="1" public_data="N" sample_id="1" user_id="1" name="temp2" subsample_type_id="1"/>
  <subsamples subsample_id="3" version="1" public_data="N" sample_id="1" user_id="1" name="temp3" subsample_type_id="1"/>
  <subsamples subsample_id="4" version="1" public_data="Y" sample_id="6" user_id="1" name="temp4" subsample_type_id="1"/>
  <subsamples subsample_id="5" version="1" public_data="N" sample_id="6" user_id="1" name="temp5" subsample_type_id="1"/>
  <subsamples subsample_id="6" version="1" public_data="N" sample_id="6" user_id="2" name="temp6" subsample_type_id="1"/>
  <image_format image_format_id="1" name="image/tiff"/>
  <image_type image_type_id="1" image_type="Map" abbreviation="MAP"/>
  <image_type image_type_id="2" image_type="Cross Section" abbreviation="XC"/>
  <images image_id="1" checksum="11111111111111111111111111111111111111111111111111" version="1" image_type_id="1" width="1" height="1" user_id="1" public_data="N" checksum_64x64="11111111111111111111111111111111111111111111111111" checksum_half="11111111111111111111111111111111111111111111111111" filename="image.jpg"/>
  <images image_id="2" checksum="11111111111111111111111111111111111111111111111111" version="1" image_type_id="1" width="1" height="1" user_id="1" public_data="Y" checksum_64x64="11111111111111111111111111111111111111111111111111" checksum_half="11111111111111111111111111111111111111111111111111" filename="image.jpg"/>
  <images image_id="3" checksum="11111111111111111111111111111111111111111111111111" version="1" image_type_id="1" width="1" height="1" user_id="2" public_data="N" checksum_64x64="11111111111111111111111111111111111111111111111111" checksum_half="11111111111111111111111111111111111111111111111111" filename="image.jpg"/>
  <images image_id="4" checksum="11111111111111111111111111111111111111111111111111" version="1" image_type_id="1" width="1" height="1" user_id="1" public_data="Y" checksum_64x64="11111111111111111111111111111111111111111111111111" checksum_half="11111111111111111111111111111111111111111111111111" filename="image1.jpg" subsample_id="1"/>
  <images image_id="5" checksum="11111111111111111111111111111111111111111111111111" version="1" image_type_id="1" width="1" height="1" user_id="1" public_data="N" checksum_64x64="11111111111111111111111111111111111111111111111111" checksum_half="11111111111111111111111111111111111111111111111111" filename="image2.jpg" subsample_id="1"/>
  <images image_id="6" checksum="11111111111111111111111111111111111111111111111111" version="1" image_type_id="1" width="1" height="1" user_id="1" public_data="Y" checksum_64x64="11111111111111111111111111111111111111111111111111" checksum_half="11111111111111111111111111111111111111111111111111" filename="image1.jpg" subsample_id="4"/>
  <images image_id="7" checksum="11111111111111111111111111111111111111111111111111" version="1" image_type_id="1" width="1" height="1" user_id="1" public_data="N" checksum_64x64="11111111111111111111111111111111111111111111111111" checksum_half="11111111111111111111111111111111111111111111111111" filename="image2.jpg" subsample_id="4"/>
  <images image_id="8" checksum="11111111111111111111111111111111111111111111111111" version="1" image_type_id="1" width="1" height="1" user_id="2" public_data="N" checksum_64x64="11111111111111111111111111111111111111111111111111" checksum_half="11111111111111111111111111111111111111111111111111" filename="image3.jpg" subsample_id="4"/>
  <images image_id="9" checksum="11111111111111111111111111111111111111111111111111" version="1" image_type_id="1" width="1" height="1" user_id="1" public_data="N" checksum_64x64="11111111111111111111111111111111111111111111111111" checksum_half="11111111111111111111111111111111111111111111111111" filename="image1.jpg" sample_id="6"/>
  <images image_id="10" checksum="11111111111111111111111111111111111111111111111111" version="1" image_type_id="1" width="1" height="1" user_id="1" public_data="Y" checksum_64x64="11111111111111111111111111111111111111111111111111" checksum_half="11111111111111111111111111111111111111111111111111" filename="image2.jpg" sample_id="6"/>
  <minerals mineral_id="1" real_mineral_id="1" name="Tectosilicates"/>
  <minerals mineral_id="2" real_mineral_id="2" name="Silica"/>
  <minerals mineral_id="3" real_mineral_id="3" name="Quartz"/>
  <minerals mineral_id="15" real_mineral_id="3" name="K-feldspar"/>
  <reference reference_id="1" name="this publication"/>
  <chemical_analyses chemical_analysis_id="1" version="1" spot_id="temp" subsample_id="1" public_data="N" reference_x="0" reference_y="0" stage_x="0.0" stage_y="0.0" date_precision="0" user_id="1" large_rock="N"/>
  <chemical_analyses chemical_analysis_id="2" version="1" spot_id="temp2" subsample_id="1" public_data="N" reference_x="0" reference_y="0" stage_x="0.0" stage_y="0.0" date_precision="0" user_id="1" large_rock="N"/>
  <chemical_analyses chemical_analysis_id="3" version="1" spot_id="temp3" subsample_id="4" public_data="Y" reference_x="0" reference_y="0" stage_x="0.0" stage_y="0.0" date_precision="0" user_id="1" large_rock="N"/>
  <chemical_analyses chemical_analysis_id="4" version="1" spot_id="temp4" subsample_id="4" public_data="N" reference_x="0" reference_y="0" stage_x="0.0" stage_y="0.0" date_precision="0" user_id="1" large_rock="N"/>
  <chemical_analyses chemical_analysis_id="5" version="1" spot_id="temp5" subsample_id="4" public_data="N" reference_x="0" reference_y="0" stage_x="0.0" stage_y="0.0" date_precision="0" user_id="1" large_rock="N"/>
  <chemical_analyses chemical_analysis_id="6" version="1" spot_id="temp6" subsample_id="1" public_data="Y" reference_x="0" reference_y="0" stage_x="0.0" stage_y="0.0" date_precision="0" user_id="1" large_rock="N"/>
  <chemical_analyses chemical_analysis_id="7" version="1" spot_id="temp7" subsample_id="1" public_data="N" reference_x="0" reference_y="0" stage_x="0.0" stage_y="0.0" date_precision="0" user_id="2" large_rock="N"/>
  <samples_archive/>
  <subsamples_archive/>
  <chemical_analyses_archive/>
  <elements element_id="1" name="Aluminium" alternate_name="Aluminum" symbol="Al" atomic_number="13" weight="26.9815"/>
  <elements element_id="2" name="Americium" symbol="Am" atomic_number="95" weight="243.0"/>
  <chemical_analysis_elements chemical_analysis_id="2" element_id="1" amount="5.0" min_amount="2.0" max_amount="8.0"/>
  <chemical_analysis_elements_archive/>
  <oxides oxide_id="1" element_id="1" oxidation_state="3" species="Al2O3" weight="101.96" cations_per_oxide="2" conversion_factor="1.8894427663399"/>
  <chemical_analysis_oxides chemical_analysis_id="1" oxide_id="1" amount="5.0" min_amount="2.0" max_amount="8.0"/>
  <chemical_analysis_oxides_archive/>
  <mineral_types mineral_type_id="1" name="Silicates"/>
  <mineral_types mineral_type_id="2" name="Oxides"/>
  <mineral_types mineral_type_id="3" name="Carbonates"/>
  <mineral_types mineral_type_id="4" name="Phosphates"/>
  <mineral_types mineral_type_id="5" name="Other"/>
  <element_mineral_types element_id="1" mineral_type_id="1"/>
  <element_mineral_types element_id="1" mineral_type_id="2"/>
  <element_mineral_types element_id="1" mineral_type_id="5"/>
  <grids/>
  <image_comments comment_id="1" image_id="1" comment_text="Zoey" version="1"/>
  <image_comments comment_id="2" image_id="2" comment_text="Zoey" version="1"/>
  <image_on_grid/>
  <image_reference/>
  <metamorphic_grades metamorphic_grade_id="1" name="Great Shape"/>
  <oxide_mineral_types oxide_id="1" mineral_type_id="1"/>
  <oxide_mineral_types oxide_id="1" mineral_type_id="2"/>
  <oxide_mineral_types oxide_id="1" mineral_type_id="5"/>
  <projects/>
  <project_members/>
  <project_samples/>
  <regions region_id="1" name="test region"/>
  <role_changes role_changes_id="1" user_id="3" sponsor_id="1" request_date="2009-03-21 15:45:21.674" role_id="2"/>
  <sample_comments comment_id="1" sample_id="1" user_id="1" comment_text="wowo" date_added="2009-03-21 15:45:21.674"/>
  <sample_comments comment_id="2" sample_id="6" user_id="1" comment_text="wowo" date_added="2009-03-21 15:45:21.674"/>
  <sample_metamorphic_grades sample_id="5" metamorphic_grade_id="1"/>
  <sample_metamorphic_grades_archive/>
  <sample_minerals sample_id="6" mineral_id="1" amount="1" />
  <sample_minerals sample_id="6" mineral_id="2" amount="2" />
  <sample_minerals_archive/>
  <sample_reference/>
  <sample_reference_archive/>
  <sample_regions/>
  <sample_regions_archive/>
  <uploaded_files/>
  <xray_image/>
</dataset>
