<?xml version='1.0' encoding='UTF-8'?>
<dataset>
  <users user_id="1" version="1" username="anthony" password="BCnxlteTnIP40jVqBXdVl+OZYUXFFy54Kw==" email="watera2@cs.rpi.edu"/>
    <samples sample_id="1" version="0" sesar_number="000000000" public_data="N" rock_type="rockie rock" user_id="1" location="SRID=4326;POINT(50 50)" alias="1" collection_date="2008-08-28 18:32:17" />
  <samples sample_id="2" version="0" sesar_number="000000001" public_data="N" rock_type="rockie rock" user_id="1" location="SRID=4326;POINT(50 50)" alias="2"/>
  <samples sample_id="3" version="0" sesar_number="000000002" public_data="N" rock_type="rockie rock" user_id="1" location="SRID=4326;POINT(1 1)" alias="3"/>
  <samples sample_id="4" version="0" sesar_number="000000003" public_data="N" rock_type="rockie rock" user_id="1" location="SRID=4326;POINT(1 1)" alias="4"/>
  <samples sample_id="5" version="0" sesar_number="000000004" public_data="N" rock_type="rockie rock" user_id="1" location="SRID=4326;POINT(1 1)" alias="5"/>
  <samples sample_id="7" version="0" sesar_number="000000006" public_data="N" rock_type="ibm" user_id="1" location="SRID=4326;POINT(1 1)" alias="6"/>
  <samples sample_id="8" version="0" sesar_number="000000007" public_data="N" rock_type="ibmt43p" user_id="1" location="SRID=4326;POINT(1 1)" alias="7"/>
  <samples sample_id="9" version="0" sesar_number="000000008" public_data="N" rock_type="thinkpad by ibm" user_id="1" location="SRID=4326;POINT(1 1)" alias="8"/>
  <subsamples subsample_id="1" version="0" sample_id="1" name="1" type="1"/>
  <subsamples subsample_id="2" version="0" sample_id="1" name="2" type="2"/>
  <subsamples subsample_id="3" version="0" sample_id="1" name="3" type="3"/>
  <subsamples subsample_id="4" version="0" sample_id="1" name="4" type="4"/>
  <subsamples subsample_id="5" version="0" sample_id="1" name="5" type="5"/>
</dataset>
