<?xml version='1.0' encoding='UTF-8'?>
<dataset>
  <users user_id="1" version="1" username="anthony" password="BCnxlteTnIP40jVqBXdVl+OZYUXFFy54Kw==" email="watera2@cs.rpi.edu"/>
</dataset>