<?xml version='1.0' encoding='UTF-8'?>
<dataset>
  <users user_id="1" version="1" username="anthony" password="BCnxlteTnIP40jVqBXdVl+OZYUXFFy54Kw==" email="watera2@cs.rpi.edu"/>
  <samples sample_id="1" version="0" sesar_number="000000000" public_data="N" rock_type="Amphibolite" user_id="1" location="SRID=4326;POINT(50 50)" alias="1" collection_date="2008-08-28 18:32:17" />
  <samples sample_id="2" version="0" sesar_number="000000001" public_data="N" rock_type="Amphibolite" user_id="1" location="SRID=4326;POINT(50 50)" alias="2"/>
  <samples sample_id="3" version="0" sesar_number="000000002" public_data="N" rock_type="Greenschist" user_id="1" location="SRID=4326;POINT(1 1)" alias="3"/>
  <samples sample_id="4" version="0" sesar_number="000000003" public_data="N" rock_type="Greenschist" user_id="1" location="SRID=4326;POINT(1 1)" alias="4"/>
  <samples sample_id="5" version="0" sesar_number="000000004" public_data="N" rock_type="Schist" user_id="1" location="SRID=4326;POINT(1 1)" alias="5"/>
  <samples sample_id="7" version="0" sesar_number="000000006" public_data="N" rock_type="Schist" user_id="1" location="SRID=4326;POINT(1 1)" alias="6"/>
  <samples sample_id="8" version="0" sesar_number="000000007" public_data="N" rock_type="Slate" user_id="1" location="SRID=4326;POINT(1 1)" alias="7"/>
  <samples sample_id="9" version="0" sesar_number="000000008" public_data="N" rock_type="Slate" user_id="1" location="SRID=4326;POINT(1 1)" alias="8"/>
  
  <image_format image_format_id="6" name="image/tiff"/>
  <image_format image_format_id="7" name="image/gif"/>
  <image_format image_format_id="8" name="image/jpeg"/>
  <image_format image_format_id="9" name="image/bmp"/>
  <image_format image_format_id="10" name="image/png"/>
  <images/>
  <minerals mineral_id="1" name="MINERALNAME222"/>
  <minerals mineral_id="2" name="MINERALNAME" parent_mineral_id="1"/>
  <minerals mineral_id="3" name="Quartz" parent_mineral_id="2"/>
  <minerals mineral_id="4" name="Coesite" parent_mineral_id="2"/>
  <minerals mineral_id="5" name="Tridymite" parent_mineral_id="2"/>
  <minerals mineral_id="6" name="Cristobalite" parent_mineral_id="2"/>
  <minerals mineral_id="7" name="Feldspar" parent_mineral_id="1"/>
  <minerals mineral_id="8" name="Plagioclase" parent_mineral_id="7"/>
  <minerals mineral_id="9" name="Albite" parent_mineral_id="8"/>
  <minerals mineral_id="10" name="Oligoclase" parent_mineral_id="8"/>
  <minerals mineral_id="11" name="Andesine" parent_mineral_id="8"/>
  <minerals mineral_id="12" name="Labradorite" parent_mineral_id="8"/>
  <minerals mineral_id="13" name="Anorthite" parent_mineral_id="8"/>
  <minerals mineral_id="14" name="Alkali feldspar" parent_mineral_id="7"/>
  <minerals mineral_id="15" name="Orthoclase" parent_mineral_id="14"/>
  <minerals mineral_id="16" name="Sanadine" parent_mineral_id="14"/>
  <minerals mineral_id="17" name="Celsian" parent_mineral_id="7"/>
  <minerals mineral_id="18" name="Nepheline" parent_mineral_id="1"/>
  <minerals mineral_id="19" name="Kalsilite" parent_mineral_id="1"/>
  <minerals mineral_id="20" name="Leucite" parent_mineral_id="1"/>
  <minerals mineral_id="21" name="Sodalite" parent_mineral_id="1"/>
  <minerals mineral_id="22" name="Scapolite" parent_mineral_id="1"/>
  <minerals mineral_id="23" name="Analcite" parent_mineral_id="1"/>
  <minerals mineral_id="24" name="Zeolite" parent_mineral_id="1"/>
  <minerals mineral_id="25" name="Sheet silicates"/>
  <minerals mineral_id="26" name="Mica" parent_mineral_id="25"/>
  <minerals mineral_id="27" name="Muscovite" parent_mineral_id="26"/>
  <minerals mineral_id="28" name="Paragonite" parent_mineral_id="26"/>
  <minerals mineral_id="29" name="Margarite" parent_mineral_id="26"/>
  <minerals mineral_id="30" name="Glauconite" parent_mineral_id="26"/>
  <minerals mineral_id="31" name="Biotite" parent_mineral_id="26"/>
  <minerals mineral_id="32" name="Phlogopite" parent_mineral_id="31"/>
  <minerals mineral_id="33" name="Annite" parent_mineral_id="31"/>
  <minerals mineral_id="34" name="Wonesite" parent_mineral_id="26"/>
  <minerals mineral_id="35" name="Lepidolite" parent_mineral_id="26"/>
  <minerals mineral_id="36" name="Clintonite" parent_mineral_id="26"/>
  <minerals mineral_id="37" name="Stilpnomelane" parent_mineral_id="25"/>
  <minerals mineral_id="38" name="Astrophyllite" parent_mineral_id="25"/>
  <minerals mineral_id="39" name="Pyrophyllite" parent_mineral_id="25"/>
  <minerals mineral_id="40" name="Talc" parent_mineral_id="25"/>
  <minerals mineral_id="41" name="Chlorite" parent_mineral_id="25"/>
  <minerals mineral_id="42" name="Serpentine" parent_mineral_id="25"/>
  <minerals mineral_id="43" name="Clay" parent_mineral_id="25"/>
  <minerals mineral_id="44" name="Kaolinite" parent_mineral_id="43"/>
  <minerals mineral_id="45" name="Illite" parent_mineral_id="43"/>
  <minerals mineral_id="46" name="Smectite" parent_mineral_id="43"/>
  <minerals mineral_id="47" name="Vermiculite" parent_mineral_id="43"/>
  <minerals mineral_id="48" name="Montmorillonite" parent_mineral_id="43"/>
  <minerals mineral_id="49" name="Apophyllite" parent_mineral_id="25"/>
  <minerals mineral_id="50" name="Prehnite" parent_mineral_id="25"/>
  <minerals mineral_id="51" name="Chain silicates"/>
  <minerals mineral_id="52" name="Pyroxene" parent_mineral_id="51"/>
  <minerals mineral_id="53" name="Orthopyroxene" parent_mineral_id="52"/>
  <minerals mineral_id="54" name="Enstatite" parent_mineral_id="53"/>
  <minerals mineral_id="55" name="Ferrosilite" parent_mineral_id="53"/>
  <minerals mineral_id="56" name="Clinopyroxene" parent_mineral_id="52"/>
  <minerals mineral_id="57" name="Ca pyroxene" parent_mineral_id="56"/>
  <minerals mineral_id="58" name="Diopside" parent_mineral_id="57"/>
  <minerals mineral_id="59" name="Hedenbergite" parent_mineral_id="57"/>
  <minerals mineral_id="60" name="Augite" parent_mineral_id="57"/>
  <minerals mineral_id="61" name="Na pyroxene" parent_mineral_id="56"/>
  <minerals mineral_id="62" name="Jadeite" parent_mineral_id="61"/>
  <minerals mineral_id="63" name="Acmite" parent_mineral_id="61"/>
  <minerals mineral_id="64" name="Omphacite" parent_mineral_id="56"/>
  <minerals mineral_id="65" name="Aegirine" parent_mineral_id="56"/>
  <minerals mineral_id="66" name="Spodumene" parent_mineral_id="56"/>
  <minerals mineral_id="67" name="Clinoenstatite" parent_mineral_id="56"/>
  <minerals mineral_id="68" name="Wollastonite" parent_mineral_id="51"/>
  <minerals mineral_id="69" name="Pectolite" parent_mineral_id="51"/>
  <minerals mineral_id="70" name="Rhodonite" parent_mineral_id="51"/>
  <minerals mineral_id="71" name="Bustamite" parent_mineral_id="51"/>
  <minerals mineral_id="72" name="Pyroxmangite" parent_mineral_id="51"/>
  <minerals mineral_id="73" name="Sapphirine" parent_mineral_id="51"/>
  <minerals mineral_id="74" name="Aenigmatite" parent_mineral_id="51"/>
  <minerals mineral_id="75" name="Amphibole" parent_mineral_id="51"/>
  <minerals mineral_id="76" name="Orthoamphibole" parent_mineral_id="75"/>
  <minerals mineral_id="77" name="Anthophyllite" parent_mineral_id="76"/>
  <minerals mineral_id="78" name="Gedrite" parent_mineral_id="76"/>
  <minerals mineral_id="79" name="Clinoamphibole" parent_mineral_id="75"/>
  <minerals mineral_id="80" name="Cummingtonite" parent_mineral_id="79"/>
  <minerals mineral_id="81" name="Grunerite" parent_mineral_id="79"/>
  <minerals mineral_id="82" name="Tremolite" parent_mineral_id="79"/>
  <minerals mineral_id="83" name="Actinolite" parent_mineral_id="79"/>
  <minerals mineral_id="84" name="Hornblende" parent_mineral_id="79"/>
  <minerals mineral_id="85" name="Kaersutite" parent_mineral_id="79"/>
  <minerals mineral_id="86" name="Glaucophane" parent_mineral_id="79"/>
  <minerals mineral_id="87" name="Riebeckite" parent_mineral_id="79"/>
  <minerals mineral_id="88" name="Richterite" parent_mineral_id="79"/>
  <minerals mineral_id="89" name="Katophorite" parent_mineral_id="79"/>
  <minerals mineral_id="90" name="Ekermannite" parent_mineral_id="79"/>
  <minerals mineral_id="91" name="Arfvedsonite" parent_mineral_id="79"/>
  <minerals mineral_id="92" name="Ortho- and Ring Silicates"/>
  <minerals mineral_id="93" name="Olivine" parent_mineral_id="92"/>
  <minerals mineral_id="94" name="Humite" parent_mineral_id="92"/>
  <minerals mineral_id="95" name="Zircon" parent_mineral_id="92"/>
  <minerals mineral_id="96" name="Sphene" parent_mineral_id="92"/>
  <minerals mineral_id="97" name="Garnet" parent_mineral_id="92"/>
  <minerals mineral_id="98" name="Vesuvanite" parent_mineral_id="92"/>
  <minerals mineral_id="99" name="Sillimanite" parent_mineral_id="92"/>
  <minerals mineral_id="100" name="Andalusite" parent_mineral_id="92"/>
  <minerals mineral_id="101" name="Kyanite" parent_mineral_id="92"/>
  <minerals mineral_id="102" name="Mullite" parent_mineral_id="92"/>
  <minerals mineral_id="103" name="Topaz" parent_mineral_id="92"/>
  <minerals mineral_id="104" name="Staurolite" parent_mineral_id="92"/>
  <minerals mineral_id="105" name="Chloritoid" parent_mineral_id="92"/>
  <minerals mineral_id="106" name="Larnite" parent_mineral_id="92"/>
  <minerals mineral_id="107" name="Merwinite" parent_mineral_id="92"/>
  <minerals mineral_id="108" name="Spurrite" parent_mineral_id="92"/>
  <minerals mineral_id="109" name="Epidote" parent_mineral_id="92"/>
  <minerals mineral_id="110" name="Zoisite" parent_mineral_id="109"/>
  <minerals mineral_id="111" name="Clinozoisite" parent_mineral_id="109"/>
  <minerals mineral_id="112" name="Piemontite" parent_mineral_id="109"/>
  <minerals mineral_id="113" name="Allanite" parent_mineral_id="109"/>
  <minerals mineral_id="114" name="Lawsonite" parent_mineral_id="92"/>
  <minerals mineral_id="115" name="Pumpellyite" parent_mineral_id="92"/>
  <minerals mineral_id="116" name="Melilite" parent_mineral_id="92"/>
  <minerals mineral_id="117" name="Rankinite" parent_mineral_id="92"/>
  <minerals mineral_id="118" name="Tilleyite" parent_mineral_id="92"/>
  <minerals mineral_id="119" name="Beryl" parent_mineral_id="92"/>
  <minerals mineral_id="120" name="Cordierite" parent_mineral_id="92"/>
  <minerals mineral_id="121" name="Tourmaline" parent_mineral_id="92"/>
  <minerals mineral_id="122" name="Axinite" parent_mineral_id="92"/>
  <minerals mineral_id="123" name="Oxides"/>
  <minerals mineral_id="124" name="Ilmenite" parent_mineral_id="123"/>
  <minerals mineral_id="125" name="Hematite" parent_mineral_id="123"/>
  <minerals mineral_id="126" name="Rutile" parent_mineral_id="123"/>
  <minerals mineral_id="127" name="Spinel(1)" parent_mineral_id="123"/>
  <minerals mineral_id="128" name="Spinel(2)" parent_mineral_id="127"/>
  <minerals mineral_id="129" name="Magnetite" parent_mineral_id="127"/>
  <minerals mineral_id="130" name="Chromite" parent_mineral_id="127"/>
  <minerals mineral_id="131" name="Hercynite" parent_mineral_id="127"/>
  <minerals mineral_id="132" name="Ghanite" parent_mineral_id="127"/>
  <minerals mineral_id="133" name="Periclase" parent_mineral_id="123"/>
  <minerals mineral_id="134" name="Cassiterite" parent_mineral_id="123"/>
  <minerals mineral_id="135" name="Corundum" parent_mineral_id="123"/>
  <minerals mineral_id="136" name="Anatase" parent_mineral_id="123"/>
  <minerals mineral_id="137" name="Brookite" parent_mineral_id="123"/>
  <minerals mineral_id="138" name="Perovskite" parent_mineral_id="123"/>
  <minerals mineral_id="139" name="Hydroxides"/>
  <minerals mineral_id="140" name="Brucite" parent_mineral_id="139"/>
  <minerals mineral_id="141" name="Gibbsite" parent_mineral_id="139"/>
  <minerals mineral_id="142" name="Diaspore" parent_mineral_id="139"/>
  <minerals mineral_id="143" name="Boehmite" parent_mineral_id="139"/>
  <minerals mineral_id="144" name="Goethite" parent_mineral_id="139"/>
  <minerals mineral_id="145" name="Lepidocrocite" parent_mineral_id="139"/>
  <minerals mineral_id="146" name="Limonite" parent_mineral_id="139"/>
  <minerals mineral_id="147" name="Sulphides"/>
  <minerals mineral_id="148" name="Pyrite" parent_mineral_id="147"/>
  <minerals mineral_id="149" name="Pyrrhotite" parent_mineral_id="147"/>
  <minerals mineral_id="150" name="Chalcopyrite" parent_mineral_id="147"/>
  <minerals mineral_id="151" name="Sphalerite" parent_mineral_id="147"/>
  <minerals mineral_id="152" name="Galena" parent_mineral_id="147"/>
  <minerals mineral_id="153" name="Sulphates"/>
  <minerals mineral_id="154" name="Baryte" parent_mineral_id="153"/>
  <minerals mineral_id="155" name="Celestine" parent_mineral_id="153"/>
  <minerals mineral_id="156" name="Gypsum" parent_mineral_id="153"/>
  <minerals mineral_id="157" name="Anhydrite" parent_mineral_id="153"/>
  <minerals mineral_id="158" name="Carbonates"/>
  <minerals mineral_id="159" name="Calcite" parent_mineral_id="158"/>
  <minerals mineral_id="160" name="Dolomite" parent_mineral_id="158"/>
  <minerals mineral_id="161" name="Magnesite" parent_mineral_id="158"/>
  <minerals mineral_id="162" name="Rhodochrosite" parent_mineral_id="158"/>
  <minerals mineral_id="163" name="Siderite" parent_mineral_id="158"/>
  <minerals mineral_id="164" name="Ankerite" parent_mineral_id="158"/>
  <minerals mineral_id="165" name="Phosphates"/>
  <minerals mineral_id="166" name="Apatite" parent_mineral_id="165"/>
  <minerals mineral_id="167" name="Monazite" parent_mineral_id="165"/>
  <minerals mineral_id="168" name="Xenotime" parent_mineral_id="165"/>
  <minerals mineral_id="169" name="Native Elements"/>
  <minerals mineral_id="170" name="Carbon" parent_mineral_id="169"/>
  <minerals mineral_id="171" name="Graphite" parent_mineral_id="170"/>
  <minerals mineral_id="172" name="Diamond" parent_mineral_id="170"/>
  <reference/>
  <chemical_analyses/>
  <elements element_id="1" name="Aluminium" alternate_name="Aluminum" symbol="Al" atomic_number="13" weight="26.9815"/>
  <elements element_id="2" name="Americium" symbol="Am" atomic_number="95" weight="243.0"/>
  <elements element_id="3" name="Antimony" symbol="Sb" atomic_number="51" weight="121.76"/>
  <elements element_id="4" name="Argon" symbol="Ar" atomic_number="18" weight="39.948"/>
  <elements element_id="5" name="Arsenic" symbol="As" atomic_number="33" weight="74.9216"/>
  <elements element_id="6" name="Astatine" symbol="At" atomic_number="85" weight="210.0"/>
  <elements element_id="7" name="Barium" symbol="Ba" atomic_number="56" weight="137.327"/>
  <elements element_id="8" name="Berkelium" symbol="Bk" atomic_number="97" weight="247.0"/>
  <elements element_id="9" name="Beryllium" symbol="Be" atomic_number="4" weight="9.012"/>
  <elements element_id="10" name="Bismuth" symbol="Bi" atomic_number="83" weight="208.98"/>
  <elements element_id="11" name="Boron" symbol="B" atomic_number="5" weight="10.81"/>
  <elements element_id="12" name="Bromine" symbol="Br" atomic_number="35" weight="79.904"/>
  <elements element_id="13" name="Cadmium" symbol="Cd" atomic_number="48" weight="112.41"/>
  <elements element_id="14" name="Calcium" symbol="Ca" atomic_number="20" weight="40.078"/>
  <elements element_id="15" name="Californium" symbol="Cf" atomic_number="98" weight="251.0"/>
  <elements element_id="16" name="Carbon" symbol="C" atomic_number="6" weight="12.0107"/>
  <elements element_id="17" name="Cerium" symbol="Ce" atomic_number="58" weight="140.116"/>
  <elements element_id="18" name="Cesium" symbol="Cs" atomic_number="55" weight="132.905"/>
  <elements element_id="19" name="Chlorine" symbol="Cl" atomic_number="17" weight="35.453"/>
  <elements element_id="20" name="Chromium" symbol="Cr" atomic_number="24" weight="51.9961"/>
  <elements element_id="21" name="Cobalt" symbol="Co" atomic_number="27" weight="58.9332"/>
  <elements element_id="22" name="Copper" symbol="Cu" atomic_number="29" weight="63.546"/>
  <elements element_id="23" name="Curium" symbol="Cm" atomic_number="96" weight="247.0"/>
  <elements element_id="24" name="Dysprosium" symbol="Dy" atomic_number="66" weight="162.5"/>
  <elements element_id="25" name="Einsteinium" symbol="Es" atomic_number="99" weight="252.0"/>
  <elements element_id="26" name="Erbium" symbol="Er" atomic_number="68" weight="167.26"/>
  <elements element_id="27" name="Europium" symbol="Eu" atomic_number="63" weight="151.96"/>
  <elements element_id="28" name="Fermium" symbol="Fm" atomic_number="100" weight="257.0"/>
  <elements element_id="29" name="Fluorine" symbol="F" atomic_number="9" weight="18.998"/>
  <elements element_id="30" name="Francium" symbol="Fr" atomic_number="87" weight="223.0"/>
  <elements element_id="31" name="Gadolinium" symbol="Gd" atomic_number="64" weight="157.25"/>
  <elements element_id="32" name="Gallium" symbol="Ga" atomic_number="31" weight="69.72"/>
  <elements element_id="33" name="Germanium" symbol="Ge" atomic_number="32" weight="72.59"/>
  <elements element_id="34" name="Gold" symbol="Au" atomic_number="79" weight="196.967"/>
  <elements element_id="35" name="Hafnium" symbol="Hf" atomic_number="72" weight="178.49"/>
  <elements element_id="36" name="Helium" symbol="He" atomic_number="2" weight="4.002"/>
  <elements element_id="37" name="Holmium" symbol="Ho" atomic_number="67" weight="164.93"/>
  <elements element_id="38" name="Hydrogen" symbol="H" atomic_number="1" weight="1.007"/>
  <elements element_id="39" name="Indium" symbol="In" atomic_number="49" weight="114.82"/>
  <elements element_id="40" name="Iodine" symbol="I" atomic_number="53" weight="126.905"/>
  <elements element_id="41" name="Iridium" symbol="Ir" atomic_number="77" weight="192.0"/>
  <elements element_id="42" name="Iron" symbol="Fe" atomic_number="26" weight="55.845"/>
  <elements element_id="43" name="Krypton" symbol="Kr" atomic_number="36" weight="83.8"/>
  <elements element_id="44" name="Lanthanum" symbol="La" atomic_number="57" weight="138.905"/>
  <elements element_id="45" name="Lawrencium" symbol="Lr" atomic_number="103" weight="260.0"/>
  <elements element_id="46" name="Lead" symbol="Pb" atomic_number="82" weight="207.2"/>
  <elements element_id="47" name="Lithium" symbol="Li" atomic_number="3" weight="6.941"/>
  <elements element_id="48" name="Lutetium" symbol="Lu" atomic_number="71" weight="174.967"/>
  <elements element_id="49" name="Magnesium" symbol="Mg" atomic_number="12" weight="24.305"/>
  <elements element_id="50" name="Manganese" symbol="Mn" atomic_number="25" weight="54.938"/>
  <elements element_id="51" name="Mendelevium" symbol="Md" atomic_number="101" weight="258.0"/>
  <elements element_id="52" name="Mercury" symbol="Hg" atomic_number="80" weight="200.59"/>
  <elements element_id="53" name="Molybdenum" symbol="Mo" atomic_number="42" weight="95.94"/>
  <elements element_id="54" name="Neodymium" symbol="Nd" atomic_number="60" weight="144.24"/>
  <elements element_id="55" name="Neon" symbol="Ne" atomic_number="10" weight="20.179"/>
  <elements element_id="56" name="Neptunium" symbol="Np" atomic_number="93" weight="237.048"/>
  <elements element_id="57" name="Nickel" symbol="Ni" atomic_number="28" weight="58.693"/>
  <elements element_id="58" name="Niobium" symbol="Nb" atomic_number="41" weight="92.906"/>
  <elements element_id="59" name="Nitrogen" symbol="N" atomic_number="7" weight="14.007"/>
  <elements element_id="60" name="Nobelium" symbol="No" atomic_number="102" weight="259.0"/>
  <elements element_id="61" name="Osmium" symbol="Os" atomic_number="76" weight="190.2"/>
  <elements element_id="62" name="Oxygen" symbol="O" atomic_number="8" weight="15.9994"/>
  <elements element_id="63" name="Palladium" symbol="Pd" atomic_number="46" weight="106.42"/>
  <elements element_id="64" name="Phosphorus" symbol="P" atomic_number="15" weight="30.977"/>
  <elements element_id="65" name="Platinum" symbol="Pt" atomic_number="78" weight="195.08"/>
  <elements element_id="66" name="Plutonium" symbol="Pu" atomic_number="94" weight="244.0"/>
  <elements element_id="67" name="Polonium" symbol="Po" atomic_number="84" weight="210.0"/>
  <elements element_id="68" name="Potassium" symbol="K" atomic_number="19" weight="39.098"/>
  <elements element_id="69" name="Praseodymium" symbol="Pr" atomic_number="59" weight="140.908"/>
  <elements element_id="70" name="Promethium" symbol="Pm" atomic_number="61" weight="145.0"/>
  <elements element_id="71" name="Protactinium" symbol="Pa" atomic_number="91" weight="231.036"/>
  <elements element_id="72" name="Radium" symbol="Ra" atomic_number="88" weight="226.025"/>
  <elements element_id="73" name="Radon" symbol="Rn" atomic_number="86" weight="222.0"/>
  <elements element_id="74" name="Rhenium" symbol="Re" atomic_number="75" weight="186.207"/>
  <elements element_id="75" name="Rhodium" symbol="Rh" atomic_number="45" weight="102.906"/>
  <elements element_id="76" name="Rubidium" symbol="Rb" atomic_number="37" weight="85.4678"/>
  <elements element_id="77" name="Ruthenium" symbol="Ru" atomic_number="44" weight="101.07"/>
  <elements element_id="78" name="Samarium" symbol="Sm" atomic_number="62" weight="150.36"/>
  <elements element_id="79" name="Scandium" symbol="Sc" atomic_number="21" weight="45.9559"/>
  <elements element_id="80" name="Selenium" symbol="Se" atomic_number="34" weight="78.96"/>
  <elements element_id="81" name="Silicon" symbol="Si" atomic_number="14" weight="28.0855"/>
  <elements element_id="82" name="Silver" symbol="Ag" atomic_number="47" weight="107.868"/>
  <elements element_id="83" name="Sodium" symbol="Na" atomic_number="11" weight="22.9897"/>
  <elements element_id="84" name="Strontium" symbol="Sr" atomic_number="38" weight="87.62"/>
  <elements element_id="85" name="Sulfur" alternate_name="Sulphur" symbol="S" atomic_number="16" weight="32.065"/>
  <elements element_id="86" name="Tantalum" symbol="Ta" atomic_number="73" weight="180.948"/>
  <elements element_id="87" name="Technetium" symbol="Tc" atomic_number="43" weight="98.0"/>
  <elements element_id="88" name="Tellurium" symbol="Te" atomic_number="52" weight="127.6"/>
  <elements element_id="89" name="Terbium" symbol="Tb" atomic_number="65" weight="158.925"/>
  <elements element_id="90" name="Thallium" symbol="Tl" atomic_number="81" weight="204.383"/>
  <elements element_id="91" name="Thorium" symbol="Th" atomic_number="90" weight="232.038"/>
  <elements element_id="92" name="Thulium" symbol="Tm" atomic_number="69" weight="168.934"/>
  <elements element_id="93" name="Tin" symbol="Sn" atomic_number="50" weight="118.71"/>
  <elements element_id="94" name="Titanium" symbol="Ti" atomic_number="22" weight="47.867"/>
  <elements element_id="95" name="Tungsten" symbol="W" atomic_number="74" weight="183.85"/>
  <elements element_id="96" name="Uranium" symbol="U" atomic_number="92" weight="238.029"/>
  <elements element_id="97" name="Vanadium" symbol="V" atomic_number="23" weight="50.941"/>
  <elements element_id="98" name="Xenon" symbol="Xe" atomic_number="54" weight="131.29"/>
  <elements element_id="99" name="Ytterbium" symbol="Yb" atomic_number="70" weight="173.04"/>
  <elements element_id="100" name="Yttrium" symbol="Y" atomic_number="39" weight="88.9058"/>
  <elements element_id="101" name="Zinc" symbol="Zn" atomic_number="30" weight="65.38"/>
  <elements element_id="102" name="Zirconium" symbol="Zr" atomic_number="40" weight="91.224"/>
  <chemical_analysis_elements/>
  <oxides oxide_id="1" element_id="1" oxidation_state="3" species="Al2O3" weight="101.96" cations_per_oxide="2" conversion_factor="1.8894427663399"/>
  <oxides oxide_id="2" element_id="3" oxidation_state="5" species="Sb2O5" weight="323.517" cations_per_oxide="2" conversion_factor="1.32850279237845"/>
  <oxides oxide_id="3" element_id="3" oxidation_state="3" species="Sb2O3" weight="291.518" cations_per_oxide="2" conversion_factor="1.19710167542707"/>
  <oxides oxide_id="4" element_id="7" oxidation_state="2" species="BaO" weight="153.33" cations_per_oxide="1" conversion_factor="1.11653207308104"/>
  <oxides oxide_id="5" element_id="9" oxidation_state="2" species="BeO" weight="25.01" cations_per_oxide="1" conversion_factor="2.77518863737239"/>
  <oxides oxide_id="6" element_id="14" oxidation_state="2" species="CaO" weight="56.08" cations_per_oxide="1" conversion_factor="1.39927142072958"/>
  <oxides oxide_id="7" element_id="16" oxidation_state="4" species="CO2" weight="44.01" cations_per_oxide="1" conversion_factor="3.66423272581948"/>
  <oxides oxide_id="8" element_id="17" oxidation_state="3" species="Ce2O3" weight="328.24" cations_per_oxide="2" conversion_factor="1.17131519598047"/>
  <oxides oxide_id="9" element_id="17" oxidation_state="4" species="CeO2" weight="172.12" cations_per_oxide="1" conversion_factor="1.2284107453824"/>
  <oxides oxide_id="10" element_id="20" oxidation_state="3" species="Cr2O3" weight="151.99" cations_per_oxide="2" conversion_factor="1.46155192408661"/>
  <oxides oxide_id="11" element_id="21" oxidation_state="2" species="CoO" weight="74.93" cations_per_oxide="1" conversion_factor="1.27143952814373"/>
  <oxides oxide_id="12" element_id="22" oxidation_state="2" species="CuO" weight="79.55" cations_per_oxide="1" conversion_factor="1.25184905422843"/>
  <oxides oxide_id="13" element_id="35" oxidation_state="4" species="HfO2" weight="210.49" cations_per_oxide="1" conversion_factor="1.17928175247913"/>
  <oxides oxide_id="14" element_id="38" oxidation_state="1" species="H2O" weight="18.015" cations_per_oxide="2" conversion_factor="8.94488579940417"/>
  <oxides oxide_id="15" element_id="42" oxidation_state="2" species="FeO" weight="71.85" cations_per_oxide="1" conversion_factor="1.28659683051303"/>
  <oxides oxide_id="16" element_id="42" oxidation_state="3" species="Fe2O3" weight="159.69" cations_per_oxide="2" conversion_factor="1.42976094547408"/>
  <oxides oxide_id="17" element_id="44" oxidation_state="3" species="La2O3" weight="325.81" cations_per_oxide="2" conversion_factor="1.17277995752493"/>
  <oxides oxide_id="18" element_id="46" oxidation_state="2" species="PbO" weight="223.2" cations_per_oxide="1" conversion_factor="1.07722007722008"/>
  <oxides oxide_id="19" element_id="47" oxidation_state="1" species="Li2O" weight="29.88" cations_per_oxide="2" conversion_factor="2.15242760409163"/>
  <oxides oxide_id="20" element_id="49" oxidation_state="2" species="MgO" weight="40.3" cations_per_oxide="1" conversion_factor="1.65809504217239"/>
  <oxides oxide_id="21" element_id="50" oxidation_state="2" species="MnO" weight="70.94" cations_per_oxide="1" conversion_factor="1.29127379955586"/>
  <oxides oxide_id="22" element_id="50" oxidation_state="3" species="Mn2O3" weight="157.874" cations_per_oxide="2" conversion_factor="1.43683971021879"/>
  <oxides oxide_id="23" element_id="50" oxidation_state="4" species="MnO2" weight="86.94" cations_per_oxide="1" conversion_factor="1.43683971021879"/>
  <oxides oxide_id="24" element_id="57" oxidation_state="2" species="NiO" weight="74.69" cations_per_oxide="1" conversion_factor="1.27255379687527"/>
  <oxides oxide_id="25" element_id="58" oxidation_state="3" species="Nb2O5" weight="265.81" cations_per_oxide="2" conversion_factor="1.4305319355047"/>
  <oxides oxide_id="26" element_id="64" oxidation_state="5" species="P2O5" weight="141.94" cations_per_oxide="2" conversion_factor="2.29105465345256"/>
  <oxides oxide_id="27" element_id="68" oxidation_state="1" species="K2O" weight="94.2" cations_per_oxide="2" conversion_factor="1.204665200266"/>
  <oxides oxide_id="28" element_id="76" oxidation_state="1" species="Rb2O" weight="186.94" cations_per_oxide="2" conversion_factor="1.09362824361923"/>
  <oxides oxide_id="29" element_id="79" oxidation_state="3" species="Sc2O3" weight="137.91" cations_per_oxide="2" conversion_factor="1.50046022382327"/>
  <oxides oxide_id="30" element_id="81" oxidation_state="4" species="SiO2" weight="60.08" cations_per_oxide="1" conversion_factor="2.13918214025031"/>
  <oxides oxide_id="31" element_id="83" oxidation_state="1" species="Na2O" weight="61.98" cations_per_oxide="2" conversion_factor="1.34799497166122"/>
  <oxides oxide_id="32" element_id="84" oxidation_state="2" species="SrO" weight="103.62" cations_per_oxide="1" conversion_factor="1.18260671079662"/>
  <oxides oxide_id="33" element_id="86" oxidation_state="5" species="Ta2O5" weight="441.89" cations_per_oxide="2" conversion_factor="1.2210422139237"/>
  <oxides oxide_id="34" element_id="91" oxidation_state="4" species="ThO2" weight="264.04" cations_per_oxide="1" conversion_factor="1.13791677106764"/>
  <oxides oxide_id="35" element_id="93" oxidation_state="2" species="SnO" weight="134.69" cations_per_oxide="1" conversion_factor="1.13461376463651"/>
  <oxides oxide_id="36" element_id="94" oxidation_state="4" species="TiO2" weight="79.88" cations_per_oxide="1" conversion_factor="1.66879060730775"/>
  <oxides oxide_id="37" element_id="96" oxidation_state="4" species="UO2" weight="270.03" cations_per_oxide="1" conversion_factor="1.13444160165358"/>
  <oxides oxide_id="38" element_id="97" oxidation_state="3" species="V2O5" weight="181.88" cations_per_oxide="2" conversion_factor="1.78520248915412"/>
  <oxides oxide_id="39" element_id="100" oxidation_state="3" species="Y2O3" weight="225.81" cations_per_oxide="2" conversion_factor="1.26993964398273"/>
  <oxides oxide_id="40" element_id="101" oxidation_state="2" species="ZnO" weight="81.38" cations_per_oxide="1" conversion_factor="1.24472315692872"/>
  <oxides oxide_id="41" element_id="102" oxidation_state="4" species="ZrO2" weight="123.22" cations_per_oxide="1" conversion_factor="1.35074103306148"/>
  <chemical_analysis_oxides/>
  <grids/>
  <image_on_grid/>
  <metamorphic_grades/>
  <projects/>
  <project_members/>
  <project_samples/>
  <regions/>
  <sample_comments/>
  <sample_metamorphic_grades/>
  <sample_minerals mineral_id="25" sample_id="9" amount="0.0"/>
  <sample_minerals mineral_id="25" sample_id="8" amount="0.0"/>
  <sample_minerals mineral_id="25" sample_id="7" amount="0.0"/>
  <sample_reference/>
  <sample_regions/>
  <uploaded_files/>
  <xray_image/>
</dataset>
