<?xml version='1.0' encoding='UTF-8'?>
<dataset>
  <elements element_id="1" name="1" alternate_name="1" symbol="1" atomic_number="1" weight="1.0" mineral_type="Silicates"/>
  <users user_id="1" version="1" username="anthony" password="BCnxlteTnIP40jVqBXdVl+OZYUXFFy54Kw==" email="watera2@cs.rpi.edu"/>
  <samples sample_id="10" version="0" sesar_number="123456789" public_data="N" rock_type="rockie rock" user_id="1" location="SRID=4326;POINT(1 1)"/>
  <subsamples/>
  <grids/>
  <image_format image_format_id="1" name="image/tiff"/>
  <image_format image_format_id="2" name="image/gif"/>
  <image_format image_format_id="3" name="image/jpeg"/>
  <image_format image_format_id="4" name="image/bmp"/>
  <image_format image_format_id="5" name="image/png"/>
  <images/>
  <image_on_grid/>
  <metamorphic_grades/>
  <minerals mineral_id="1" name="Tectosilicates"/>
  <minerals mineral_id="2" name="Silica" parent_mineral_id="1"/>
  <minerals mineral_id="3" name="Quartz" parent_mineral_id="2"/>
  <minerals mineral_id="4" name="Coesite" parent_mineral_id="2"/>
  <minerals mineral_id="5" name="Tridymite" parent_mineral_id="2"/>
  <minerals mineral_id="6" name="Cristobalite" parent_mineral_id="2"/>
  <minerals mineral_id="7" name="Feldspar" parent_mineral_id="1"/>
  <minerals mineral_id="8" name="Plagioclase" parent_mineral_id="7"/>
  <minerals mineral_id="9" name="Albite" parent_mineral_id="8"/>
  <minerals mineral_id="10" name="Oligoclase" parent_mineral_id="8"/>
  <minerals mineral_id="11" name="Andesine" parent_mineral_id="8"/>
  <minerals mineral_id="12" name="Labradorite" parent_mineral_id="8"/>
  <minerals mineral_id="13" name="Anorthite" parent_mineral_id="8"/>
  <minerals mineral_id="14" name="Alkali feldspar" parent_mineral_id="7"/>
  <minerals mineral_id="15" name="Orthoclase" parent_mineral_id="14"/>
  <minerals mineral_id="16" name="Sanadine" parent_mineral_id="14"/>
  <minerals mineral_id="17" name="Celsian" parent_mineral_id="7"/>
  <minerals mineral_id="18" name="Nepheline" parent_mineral_id="1"/>
  <minerals mineral_id="19" name="Kalsilite" parent_mineral_id="1"/>
  <minerals mineral_id="20" name="Leucite" parent_mineral_id="1"/>
  <minerals mineral_id="21" name="Sodalite" parent_mineral_id="1"/>
  <minerals mineral_id="22" name="Scapolite" parent_mineral_id="1"/>
  <minerals mineral_id="23" name="Analcite" parent_mineral_id="1"/>
  <minerals mineral_id="24" name="Zeolite" parent_mineral_id="1"/>
  <minerals mineral_id="25" name="Sheet silicates"/>
  <minerals mineral_id="26" name="Mica" parent_mineral_id="25"/>
  <minerals mineral_id="27" name="Muscovite" parent_mineral_id="26"/>
  <minerals mineral_id="28" name="Paragonite" parent_mineral_id="26"/>
  <minerals mineral_id="29" name="Margarite" parent_mineral_id="26"/>
  <minerals mineral_id="30" name="Glauconite" parent_mineral_id="26"/>
  <minerals mineral_id="31" name="Biotite" parent_mineral_id="26"/>
  <minerals mineral_id="32" name="Phlogopite" parent_mineral_id="31"/>
  <minerals mineral_id="33" name="Annite" parent_mineral_id="31"/>
  <minerals mineral_id="34" name="Wonesite" parent_mineral_id="26"/>
  <minerals mineral_id="35" name="Lepidolite" parent_mineral_id="26"/>
  <minerals mineral_id="36" name="Clintonite" parent_mineral_id="26"/>
  <minerals mineral_id="37" name="Stilpnomelane" parent_mineral_id="25"/>
  <minerals mineral_id="38" name="Astrophyllite" parent_mineral_id="25"/>
  <minerals mineral_id="39" name="Pyrophyllite" parent_mineral_id="25"/>
  <minerals mineral_id="40" name="Talc" parent_mineral_id="25"/>
  <minerals mineral_id="41" name="Chlorite" parent_mineral_id="25"/>
  <minerals mineral_id="42" name="Serpentine" parent_mineral_id="25"/>
  <minerals mineral_id="43" name="Clay" parent_mineral_id="25"/>
  <minerals mineral_id="44" name="Kaolinite" parent_mineral_id="43"/>
  <minerals mineral_id="45" name="Illite" parent_mineral_id="43"/>
  <minerals mineral_id="46" name="Smectite" parent_mineral_id="43"/>
  <minerals mineral_id="47" name="Vermiculite" parent_mineral_id="43"/>
  <minerals mineral_id="48" name="Montmorillonite" parent_mineral_id="43"/>
  <minerals mineral_id="49" name="Apophyllite" parent_mineral_id="25"/>
  <minerals mineral_id="50" name="Prehnite" parent_mineral_id="25"/>
  <minerals mineral_id="51" name="Chain silicates"/>
  <minerals mineral_id="52" name="Pyroxene" parent_mineral_id="51"/>
  <minerals mineral_id="53" name="Orthopyroxene" parent_mineral_id="52"/>
  <minerals mineral_id="54" name="Enstatite" parent_mineral_id="53"/>
  <minerals mineral_id="55" name="Ferrosilite" parent_mineral_id="53"/>
  <minerals mineral_id="56" name="Clinopyroxene" parent_mineral_id="52"/>
  <minerals mineral_id="57" name="Ca pyroxene" parent_mineral_id="56"/>
  <minerals mineral_id="58" name="Diopside" parent_mineral_id="57"/>
  <minerals mineral_id="59" name="Hedenbergite" parent_mineral_id="57"/>
  <minerals mineral_id="60" name="Augite" parent_mineral_id="57"/>
  <minerals mineral_id="61" name="Na pyroxene" parent_mineral_id="56"/>
  <minerals mineral_id="62" name="Jadeite" parent_mineral_id="61"/>
  <minerals mineral_id="63" name="Acmite" parent_mineral_id="61"/>
  <minerals mineral_id="64" name="Omphacite" parent_mineral_id="56"/>
  <minerals mineral_id="65" name="Aegirine" parent_mineral_id="56"/>
  <minerals mineral_id="66" name="Spodumene" parent_mineral_id="56"/>
  <minerals mineral_id="67" name="Clinoenstatite" parent_mineral_id="56"/>
  <minerals mineral_id="68" name="Wollastonite" parent_mineral_id="51"/>
  <minerals mineral_id="69" name="Pectolite" parent_mineral_id="51"/>
  <minerals mineral_id="70" name="Rhodonite" parent_mineral_id="51"/>
  <minerals mineral_id="71" name="Bustamite" parent_mineral_id="51"/>
  <minerals mineral_id="72" name="Pyroxmangite" parent_mineral_id="51"/>
  <minerals mineral_id="73" name="Sapphirine" parent_mineral_id="51"/>
  <minerals mineral_id="74" name="Aenigmatite" parent_mineral_id="51"/>
  <minerals mineral_id="75" name="Amphibole" parent_mineral_id="51"/>
  <minerals mineral_id="76" name="Orthoamphibole" parent_mineral_id="75"/>
  <minerals mineral_id="77" name="Anthophyllite" parent_mineral_id="76"/>
  <minerals mineral_id="78" name="Gedrite" parent_mineral_id="76"/>
  <minerals mineral_id="79" name="Clinoamphibole" parent_mineral_id="75"/>
  <minerals mineral_id="80" name="Cummingtonite" parent_mineral_id="79"/>
  <minerals mineral_id="81" name="Grunerite" parent_mineral_id="79"/>
  <minerals mineral_id="82" name="Tremolite" parent_mineral_id="79"/>
  <minerals mineral_id="83" name="Actinolite" parent_mineral_id="79"/>
  <minerals mineral_id="84" name="Hornblende" parent_mineral_id="79"/>
  <minerals mineral_id="85" name="Kaersutite" parent_mineral_id="79"/>
  <minerals mineral_id="86" name="Glaucophane" parent_mineral_id="79"/>
  <minerals mineral_id="87" name="Riebeckite" parent_mineral_id="79"/>
  <minerals mineral_id="88" name="Richterite" parent_mineral_id="79"/>
  <minerals mineral_id="89" name="Katophorite" parent_mineral_id="79"/>
  <minerals mineral_id="90" name="Ekermannite" parent_mineral_id="79"/>
  <minerals mineral_id="91" name="Arfvedsonite" parent_mineral_id="79"/>
  <minerals mineral_id="92" name="Ortho- and Ring Silicates"/>
  <minerals mineral_id="93" name="Olivine" parent_mineral_id="92"/>
  <minerals mineral_id="94" name="Humite" parent_mineral_id="92"/>
  <minerals mineral_id="95" name="Zircon" parent_mineral_id="92"/>
  <minerals mineral_id="96" name="Sphene" parent_mineral_id="92"/>
  <minerals mineral_id="97" name="Garnet" parent_mineral_id="92"/>
  <minerals mineral_id="98" name="Vesuvanite" parent_mineral_id="92"/>
  <minerals mineral_id="99" name="Sillimanite" parent_mineral_id="92"/>
  <minerals mineral_id="100" name="Andalusite" parent_mineral_id="92"/>
  <minerals mineral_id="101" name="Kyanite" parent_mineral_id="92"/>
  <minerals mineral_id="102" name="Mullite" parent_mineral_id="92"/>
  <minerals mineral_id="103" name="Topaz" parent_mineral_id="92"/>
  <minerals mineral_id="104" name="Staurolite" parent_mineral_id="92"/>
  <minerals mineral_id="105" name="Chloritoid" parent_mineral_id="92"/>
  <minerals mineral_id="106" name="Larnite" parent_mineral_id="92"/>
  <minerals mineral_id="107" name="Merwinite" parent_mineral_id="92"/>
  <minerals mineral_id="108" name="Spurrite" parent_mineral_id="92"/>
  <minerals mineral_id="109" name="Epidote" parent_mineral_id="92"/>
  <minerals mineral_id="110" name="Zoisite" parent_mineral_id="109"/>
  <minerals mineral_id="111" name="Clinozoisite" parent_mineral_id="109"/>
  <minerals mineral_id="112" name="Piemontite" parent_mineral_id="109"/>
  <minerals mineral_id="113" name="Allanite" parent_mineral_id="109"/>
  <minerals mineral_id="114" name="Lawsonite" parent_mineral_id="92"/>
  <minerals mineral_id="115" name="Pumpellyite" parent_mineral_id="92"/>
  <minerals mineral_id="116" name="Melilite" parent_mineral_id="92"/>
  <minerals mineral_id="117" name="Rankinite" parent_mineral_id="92"/>
  <minerals mineral_id="118" name="Tilleyite" parent_mineral_id="92"/>
  <minerals mineral_id="119" name="Beryl" parent_mineral_id="92"/>
  <minerals mineral_id="120" name="Cordierite" parent_mineral_id="92"/>
  <minerals mineral_id="121" name="Tourmaline" parent_mineral_id="92"/>
  <minerals mineral_id="122" name="Axinite" parent_mineral_id="92"/>
  <minerals mineral_id="123" name="Oxides"/>
  <minerals mineral_id="124" name="Ilmenite" parent_mineral_id="123"/>
  <minerals mineral_id="125" name="Hematite" parent_mineral_id="123"/>
  <minerals mineral_id="126" name="Rutile" parent_mineral_id="123"/>
  <minerals mineral_id="127" name="Spinel(1)" parent_mineral_id="123"/>
  <minerals mineral_id="128" name="Spinel(2)" parent_mineral_id="127"/>
  <minerals mineral_id="129" name="Magnetite" parent_mineral_id="127"/>
  <minerals mineral_id="130" name="Chromite" parent_mineral_id="127"/>
  <minerals mineral_id="131" name="Hercynite" parent_mineral_id="127"/>
  <minerals mineral_id="132" name="Ghanite" parent_mineral_id="127"/>
  <minerals mineral_id="133" name="Periclase" parent_mineral_id="123"/>
  <minerals mineral_id="134" name="Cassiterite" parent_mineral_id="123"/>
  <minerals mineral_id="135" name="Corundum" parent_mineral_id="123"/>
  <minerals mineral_id="136" name="Anatase" parent_mineral_id="123"/>
  <minerals mineral_id="137" name="Brookite" parent_mineral_id="123"/>
  <minerals mineral_id="138" name="Perovskite" parent_mineral_id="123"/>
  <minerals mineral_id="139" name="Hydroxides"/>
  <minerals mineral_id="140" name="Brucite" parent_mineral_id="139"/>
  <minerals mineral_id="141" name="Gibbsite" parent_mineral_id="139"/>
  <minerals mineral_id="142" name="Diaspore" parent_mineral_id="139"/>
  <minerals mineral_id="143" name="Boehmite" parent_mineral_id="139"/>
  <minerals mineral_id="144" name="Goethite" parent_mineral_id="139"/>
  <minerals mineral_id="145" name="Lepidocrocite" parent_mineral_id="139"/>
  <minerals mineral_id="146" name="Limonite" parent_mineral_id="139"/>
  <minerals mineral_id="147" name="Sulphides"/>
  <minerals mineral_id="148" name="Pyrite" parent_mineral_id="147"/>
  <minerals mineral_id="149" name="Pyrrhotite" parent_mineral_id="147"/>
  <minerals mineral_id="150" name="Chalcopyrite" parent_mineral_id="147"/>
  <minerals mineral_id="151" name="Sphalerite" parent_mineral_id="147"/>
  <minerals mineral_id="152" name="Galena" parent_mineral_id="147"/>
  <minerals mineral_id="153" name="Sulphates"/>
  <minerals mineral_id="154" name="Baryte" parent_mineral_id="153"/>
  <minerals mineral_id="155" name="Celestine" parent_mineral_id="153"/>
  <minerals mineral_id="156" name="Gypsum" parent_mineral_id="153"/>
  <minerals mineral_id="157" name="Anhydrite" parent_mineral_id="153"/>
  <minerals mineral_id="158" name="Carbonates"/>
  <minerals mineral_id="159" name="Calcite" parent_mineral_id="158"/>
  <minerals mineral_id="160" name="Dolomite" parent_mineral_id="158"/>
  <minerals mineral_id="161" name="Magnesite" parent_mineral_id="158"/>
  <minerals mineral_id="162" name="Rhodochrosite" parent_mineral_id="158"/>
  <minerals mineral_id="163" name="Siderite" parent_mineral_id="158"/>
  <minerals mineral_id="164" name="Ankerite" parent_mineral_id="158"/>
  <minerals mineral_id="165" name="Phosphates"/>
  <minerals mineral_id="166" name="Apatite" parent_mineral_id="165"/>
  <minerals mineral_id="167" name="Monazite" parent_mineral_id="165"/>
  <minerals mineral_id="168" name="Xenotime" parent_mineral_id="165"/>
  <minerals mineral_id="169" name="Native Elements"/>
  <minerals mineral_id="170" name="Carbon" parent_mineral_id="169"/>
  <minerals mineral_id="171" name="Graphite" parent_mineral_id="170"/>
  <minerals mineral_id="172" name="Diamond" parent_mineral_id="170"/>
  <reference/>
  <mineral_analyses/>
  <mineral_analysis_elements/>
  <oxides/>
  <mineral_analysis_oxides/>
  <projects/>
  <project_members/>
  <project_samples/>
  <regions/>
  <sample_metamorphic_grades/>
  <sample_minerals/>
  <sample_reference/>
  <sample_regions/>
  <xray_image/>
</dataset>
