<?xml version='1.0' encoding='UTF-8'?>
<dataset>
  <elements/>
  <users user_id="1" version="1" username="anthony" password="BCnxlteTnIP40jVqBXdVl+OZYUXFFy54Kw==" email="watera2@cs.rpi.edu"/>
  <samples sample_id="1" version="0" sesar_number="000000000" public_data="N" alias="1" rock_type="rockie rock" user_id="1" location="SRID=4326;POINT(1 1)"/>
  <samples sample_id="2" version="0" sesar_number="000000001" public_data="N" alias="2" rock_type="rockie rock" user_id="1" location="SRID=4326;POINT(1 1)"/>
  <samples sample_id="3" version="0" sesar_number="000000002" public_data="N" alias="3" rock_type="rockie rock" user_id="1" location="SRID=4326;POINT(1 1)"/>
  <samples sample_id="4" version="0" sesar_number="000000003" public_data="N" alias="4" rock_type="rockie rock" user_id="1" location="SRID=4326;POINT(1 1)"/>
  <samples sample_id="5" version="0" sesar_number="000000004" public_data="N" alias="5" rock_type="rockie rock" user_id="1" location="SRID=4326;POINT(1 1)"/>
  <subsamples/>
  <grids/>
  <image_format/>
  <images/>
  <image_on_grid/>
  <metamorphic_grades/>
  <minerals/>
  <reference/>
  <mineral_analyses/>
  <mineral_analysis_elements/>
  <oxides/>
  <mineral_analysis_oxides/>
  <projects/>
  <project_members/>
  <project_samples/>
  <regions/>
  <sample_metamorphic_grades/>
  <sample_minerals/>
  <sample_reference/>
  <sample_regions/>
  <xray_image/>
</dataset>
