<?xml version="1.0" encoding="UTF-8"?>
<beans xmlns="http://www.springframework.org/schema/beans"
       xmlns:xsi="http://www.w3.org/2001/XMLSchema-instance"
       xmlns:aop="http://www.springframework.org/schema/aop"
       xmlns:tx="http://www.springframework.org/schema/tx"
        xmlns:util="http://www.springframework.org/schema/util"
       
       xsi:schemaLocation="http://www.springframework.org/schema/beans 
           http://www.springframework.org/schema/beans/spring-beans-3.0.xsd
           http://www.springframework.org/schema/aop 
           http://www.springframework.org/schema/aop/spring-aop-3.0.xsd
                http://www.springframework.org/schema/tx
           http://www.springframework.org/schema/tx/spring-tx-3.0.xsd
             http://www.springframework.org/schema/util
           http://www.springframework.org/schema/util/spring-util-3.0.xsd
           "
           >
 
 <aop:aspectj-autoproxy proxy-target-class="true"></aop:aspectj-autoproxy>
 <tx:annotation-driven  transaction-manager="transactionManager"/>
  
 <bean id="sampleDAO" class="edu.rpi.metpetrest.SampleDAOImpl">
 	<property name="dataSource" ref="dataSource"></property>
 </bean>
 
 <bean id="publicationDAO" class="edu.rpi.metpetrest.PublicationDAOImpl">
 	<property name="dataSource" ref="dataSource"></property>
 </bean>
 

<bean id="dataSource" class="org.apache.commons.dbcp.BasicDataSource" destroy-method="close">
    <property name="driverClassName" value="org.postgis.DriverWrapper"/>
    <property name="url" value="jdbc:postgresql_postGIS://localhost/mpdb3"/>
    <property name="username" value="metpetwebdev"/>
    <property name="password" value="metpetwebdev"/>
  </bean>
	
  <bean id="transactionManager" class="org.springframework.jdbc.datasource.DataSourceTransactionManager">
  	<property name="dataSource" ref="dataSource"/>
  </bean>
  
 
 
 <bean class="org.springframework.web.servlet.view.ContentNegotiatingViewResolver">
  <property name="mediaTypes">
    <map>
      <entry key="json" value="application/json"/>
    </map>
  </property>
  <property name="viewResolvers">
    <list>
      <bean class="org.springframework.web.servlet.view.BeanNameViewResolver"/>
      <bean class="org.springframework.web.servlet.view.InternalResourceViewResolver">
        <property name="prefix" value="/WEB-INF/jsp/"/>
        <property name="suffix" value=".jsp"/>
      </bean>
    </list>
  </property>
  <property name="defaultViews">
    <list>
      <bean class="org.springframework.web.servlet.view.json.MappingJacksonJsonView" />
    </list>
  </property>
</bean>

  <bean id="urlRestService" class="edu.rpi.metpetrest.UrlController">
  	<property name="sampleDAO" ref="sampleDAO"></property>
  	<property name="publicationDAO" ref="publicationDAO"></property>
  </bean>
   
</beans>